This file contains any messages produced by compilers while
running configure, to aid debugging if configure makes a mistake.

It was created by modsecurity configure 2.9, which was
generated by GNU Autoconf 2.69.  Invocation command line was

  $ ./configure 

## --------- ##
## Platform. ##
## --------- ##

hostname = DESKTOP-KM5BUDM
uname -m = x86_64
uname -r = 5.15.153.1-microsoft-standard-WSL2
uname -s = Linux
uname -v = #1 SMP Fri Mar 29 23:14:13 UTC 2024

/usr/bin/uname -p = x86_64
/bin/uname -X     = unknown

/bin/arch              = x86_64
/usr/bin/arch -k       = unknown
/usr/convex/getsysinfo = unknown
/usr/bin/hostinfo      = unknown
/bin/machine           = unknown
/usr/bin/oslevel       = unknown
/bin/universe          = unknown

PATH: /usr/local/sbin
PATH: /usr/local/bin
PATH: /usr/sbin
PATH: /usr/bin
PATH: /sbin
PATH: /bin
PATH: /snap/bin


## ----------- ##
## Core tests. ##
## ----------- ##

configure:2615: checking for a BSD-compatible install
configure:2683: result: /usr/bin/install -c
configure:2694: checking whether build environment is sane
configure:2749: result: yes
configure:2898: checking for a thread-safe mkdir -p
configure:2937: result: /usr/bin/mkdir -p
configure:2944: checking for gawk
configure:2960: found /usr/bin/gawk
configure:2971: result: gawk
configure:2982: checking whether make sets $(MAKE)
configure:3004: result: yes
configure:3033: checking whether make supports nested variables
configure:3050: result: yes
configure:3180: checking whether make supports the include directive
configure:3195: make -f confmf.GNU && cat confinc.out
this is the am__doit target
configure:3198: $? = 0
configure:3217: result: yes (GNU style)
configure:3287: checking for gcc
configure:3303: found /usr/bin/gcc
configure:3314: result: gcc
configure:3543: checking for C compiler version
configure:3552: gcc --version >&5
gcc (Ubuntu 9.4.0-1ubuntu1~20.04.2) 9.4.0
Copyright (C) 2019 Free Software Foundation, Inc.
This is free software; see the source for copying conditions.  There is NO
warranty; not even for MERCHANTABILITY or FITNESS FOR A PARTICULAR PURPOSE.

configure:3563: $? = 0
configure:3552: gcc -v >&5
Using built-in specs.
COLLECT_GCC=gcc
COLLECT_LTO_WRAPPER=/usr/lib/gcc/x86_64-linux-gnu/9/lto-wrapper
OFFLOAD_TARGET_NAMES=nvptx-none:hsa
OFFLOAD_TARGET_DEFAULT=1
Target: x86_64-linux-gnu
Configured with: ../src/configure -v --with-pkgversion='Ubuntu 9.4.0-1ubuntu1~20.04.2' --with-bugurl=file:///usr/share/doc/gcc-9/README.Bugs --enable-languages=c,ada,c++,go,brig,d,fortran,objc,obj-c++,gm2 --prefix=/usr --with-gcc-major-version-only --program-suffix=-9 --program-prefix=x86_64-linux-gnu- --enable-shared --enable-linker-build-id --libexecdir=/usr/lib --without-included-gettext --enable-threads=posix --libdir=/usr/lib --enable-nls --enable-clocale=gnu --enable-libstdcxx-debug --enable-libstdcxx-time=yes --with-default-libstdcxx-abi=new --enable-gnu-unique-object --disable-vtable-verify --enable-plugin --enable-default-pie --with-system-zlib --with-target-system-zlib=auto --enable-objc-gc=auto --enable-multiarch --disable-werror --with-arch-32=i686 --with-abi=m64 --with-multilib-list=m32,m64,mx32 --enable-multilib --with-tune=generic --enable-offload-targets=nvptx-none=/build/gcc-9-9QDOt0/gcc-9-9.4.0/debian/tmp-nvptx/usr,hsa --without-cuda-driver --enable-checking=release --build=x86_64-linux-gnu --host=x86_64-linux-gnu --target=x86_64-linux-gnu
Thread model: posix
gcc version 9.4.0 (Ubuntu 9.4.0-1ubuntu1~20.04.2) 
configure:3563: $? = 0
configure:3552: gcc -V >&5
gcc: error: unrecognized command line option '-V'
gcc: fatal error: no input files
compilation terminated.
configure:3563: $? = 1
configure:3552: gcc -qversion >&5
gcc: error: unrecognized command line option '-qversion'; did you mean '--version'?
gcc: fatal error: no input files
compilation terminated.
configure:3563: $? = 1
configure:3583: checking whether the C compiler works
configure:3605: gcc    conftest.c  >&5
configure:3609: $? = 0
configure:3657: result: yes
configure:3660: checking for C compiler default output file name
configure:3662: result: a.out
configure:3668: checking for suffix of executables
configure:3675: gcc -o conftest    conftest.c  >&5
configure:3679: $? = 0
configure:3701: result: 
configure:3723: checking whether we are cross compiling
configure:3731: gcc -o conftest    conftest.c  >&5
configure:3735: $? = 0
configure:3742: ./conftest
configure:3746: $? = 0
configure:3734: result: no
configure:3739: checking for suffix of object files
configure:3761: gcc -c   conftest.c >&5
configure:3765: $? = 0
configure:3786: result: o
configure:3790: checking whether we are using the GNU C compiler
configure:3809: gcc -c   conftest.c >&5
configure:3809: $? = 0
configure:3818: result: yes
configure:3827: checking whether gcc accepts -g
configure:3847: gcc -c -g  conftest.c >&5
configure:3847: $? = 0
configure:3888: result: yes
configure:3905: checking for gcc option to accept ISO C89
configure:3968: gcc  -c -g -O2  conftest.c >&5
configure:3968: $? = 0
configure:3981: result: none needed
configure:4006: checking whether gcc understands -c and -o together
configure:4028: gcc -c conftest.c -o conftest2.o
configure:4031: $? = 0
configure:4028: gcc -c conftest.c -o conftest2.o
configure:4031: $? = 0
configure:4043: result: yes
configure:4062: checking dependency style of gcc
configure:4173: result: gcc3
configure:4238: checking for ar
configure:4254: found /usr/bin/ar
configure:4265: result: ar
configure:4291: checking the archiver (ar) interface
configure:4307: gcc -c -g -O2  conftest.c >&5
configure:4307: $? = 0
configure:4309: ar cru libconftest.a conftest.o >&5
ar: `u' modifier ignored since `D' is the default (see `U')
configure:4312: $? = 0
configure:4311: result: ar
configure:4362: checking build system type
configure:4376: result: x86_64-pc-linux-gnu
configure:4396: checking host system type
configure:4409: result: x86_64-pc-linux-gnu
configure:4450: checking how to print strings
configure:4477: result: printf
configure:4498: checking for a sed that does not truncate output
configure:4562: result: /usr/bin/sed
configure:4580: checking for grep that handles long lines and -e
configure:4638: result: /usr/bin/grep
configure:4643: checking for egrep
configure:4705: result: /usr/bin/grep -E
configure:4710: checking for fgrep
configure:4772: result: /usr/bin/grep -F
configure:4807: checking for ld used by gcc
configure:4874: result: /usr/bin/ld
configure:4881: checking if the linker (/usr/bin/ld) is GNU ld
configure:4896: result: yes
configure:4908: checking for BSD- or MS-compatible name lister (nm)
configure:4962: result: /usr/bin/nm -B
configure:5092: checking the name lister (/usr/bin/nm -B) interface
configure:5099: gcc -c -g -O2  conftest.c >&5
configure:5102: /usr/bin/nm -B "conftest.o"
configure:5105: output
0000000000000000 B some_variable
configure:5106: result: BSD nm
configure:5109: checking whether ln -s works
configure:5113: result: yes
configure:5121: checking the maximum length of command line arguments
configure:5252: result: 1572864
configure:5300: checking how to convert x86_64-pc-linux-gnu file names to x86_64-pc-linux-gnu format
configure:5340: result: func_convert_file_noop
configure:5347: checking how to convert x86_64-pc-linux-gnu file names to toolchain format
configure:5367: result: func_convert_file_noop
configure:5374: checking for /usr/bin/ld option to reload object files
configure:5381: result: -r
configure:5455: checking for objdump
configure:5471: found /usr/bin/objdump
configure:5482: result: objdump
configure:5514: checking how to recognize dependent libraries
configure:5714: result: pass_all
configure:5799: checking for dlltool
configure:5829: result: no
configure:5859: checking how to associate runtime and link libraries
configure:5886: result: printf %s\n
configure:6010: checking for archiver @FILE support
configure:6027: gcc -c -g -O2  conftest.c >&5
configure:6027: $? = 0
configure:6030: ar cr libconftest.a @conftest.lst >&5
configure:6033: $? = 0
configure:6038: ar cr libconftest.a @conftest.lst >&5
ar: conftest.o: No such file or directory
configure:6041: $? = 1
configure:6040: result: @
configure:6098: checking for strip
configure:6114: found /usr/bin/strip
configure:6125: result: strip
configure:6197: checking for ranlib
configure:6213: found /usr/bin/ranlib
configure:6224: result: ranlib
configure:6326: checking command to parse /usr/bin/nm -B output from gcc object
configure:6479: gcc -c -g -O2  conftest.c >&5
configure:6482: $? = 0
configure:6486: /usr/bin/nm -B conftest.o | sed -n -e 's/^.*[	 ]\([ABCDGIRSTW][ABCDGIRSTW]*\)[	 ][	 ]*\([_A-Za-z][_A-Za-z0-9]*\)$/\1 \2 \2/p' | sed '/ __gnu_lto/d' > conftest.nm
configure:6552: gcc -o conftest -g -O2   conftest.c conftstm.o >&5
configure:6555: $? = 0
configure:6593: result: ok
configure:6640: checking for sysroot
configure:6670: result: no
configure:6677: checking for a working dd
configure:6715: result: /usr/bin/dd
configure:6719: checking how to truncate binary pipes
configure:6734: result: /usr/bin/dd bs=4096 count=1
configure:6870: gcc -c -g -O2  conftest.c >&5
configure:6873: $? = 0
configure:7063: checking for mt
configure:7079: found /usr/bin/mt
configure:7090: result: mt
configure:7113: checking if mt is a manifest tool
configure:7119: mt '-?'
configure:7127: result: no
configure:7804: checking how to run the C preprocessor
configure:7835: gcc -E  conftest.c
configure:7835: $? = 0
configure:7849: gcc -E  conftest.c
conftest.c:11:10: fatal error: ac_nonexistent.h: No such file or directory
   11 | #include <ac_nonexistent.h>
      |          ^~~~~~~~~~~~~~~~~~
compilation terminated.
configure:7849: $? = 1
configure: failed program was:
| /* confdefs.h */
| #define PACKAGE_NAME "modsecurity"
| #define PACKAGE_TARNAME "modsecurity"
| #define PACKAGE_VERSION "2.9"
| #define PACKAGE_STRING "modsecurity 2.9"
| #define PACKAGE_BUGREPORT "support@modsecurity.org"
| #define PACKAGE_URL ""
| #define PACKAGE "modsecurity"
| #define VERSION "2.9"
| /* end confdefs.h.  */
| #include <ac_nonexistent.h>
configure:7874: result: gcc -E
configure:7894: gcc -E  conftest.c
configure:7894: $? = 0
configure:7908: gcc -E  conftest.c
conftest.c:11:10: fatal error: ac_nonexistent.h: No such file or directory
   11 | #include <ac_nonexistent.h>
      |          ^~~~~~~~~~~~~~~~~~
compilation terminated.
configure:7908: $? = 1
configure: failed program was:
| /* confdefs.h */
| #define PACKAGE_NAME "modsecurity"
| #define PACKAGE_TARNAME "modsecurity"
| #define PACKAGE_VERSION "2.9"
| #define PACKAGE_STRING "modsecurity 2.9"
| #define PACKAGE_BUGREPORT "support@modsecurity.org"
| #define PACKAGE_URL ""
| #define PACKAGE "modsecurity"
| #define VERSION "2.9"
| /* end confdefs.h.  */
| #include <ac_nonexistent.h>
configure:7937: checking for ANSI C header files
configure:7957: gcc -c -g -O2  conftest.c >&5
configure:7957: $? = 0
configure:8030: gcc -o conftest -g -O2   conftest.c  >&5
configure:8030: $? = 0
configure:8030: ./conftest
configure:8030: $? = 0
configure:8041: result: yes
configure:8054: checking for sys/types.h
configure:8054: gcc -c -g -O2  conftest.c >&5
configure:8054: $? = 0
configure:8054: result: yes
configure:8054: checking for sys/stat.h
configure:8054: gcc -c -g -O2  conftest.c >&5
configure:8054: $? = 0
configure:8054: result: yes
configure:8054: checking for stdlib.h
configure:8054: gcc -c -g -O2  conftest.c >&5
configure:8054: $? = 0
configure:8054: result: yes
configure:8054: checking for string.h
configure:8054: gcc -c -g -O2  conftest.c >&5
configure:8054: $? = 0
configure:8054: result: yes
configure:8054: checking for memory.h
configure:8054: gcc -c -g -O2  conftest.c >&5
configure:8054: $? = 0
configure:8054: result: yes
configure:8054: checking for strings.h
configure:8054: gcc -c -g -O2  conftest.c >&5
configure:8054: $? = 0
configure:8054: result: yes
configure:8054: checking for inttypes.h
configure:8054: gcc -c -g -O2  conftest.c >&5
configure:8054: $? = 0
configure:8054: result: yes
configure:8054: checking for stdint.h
configure:8054: gcc -c -g -O2  conftest.c >&5
configure:8054: $? = 0
configure:8054: result: yes
configure:8054: checking for unistd.h
configure:8054: gcc -c -g -O2  conftest.c >&5
configure:8054: $? = 0
configure:8054: result: yes
configure:8068: checking for dlfcn.h
configure:8068: gcc -c -g -O2  conftest.c >&5
configure:8068: $? = 0
configure:8068: result: yes
configure:8323: checking for objdir
configure:8338: result: .libs
configure:8602: checking if gcc supports -fno-rtti -fno-exceptions
configure:8620: gcc -c -g -O2  -fno-rtti -fno-exceptions conftest.c >&5
cc1: warning: command line option '-fno-rtti' is valid for C++/D/ObjC++ but not for C
configure:8624: $? = 0
configure:8637: result: no
configure:9001: checking for gcc option to produce PIC
configure:9008: result: -fPIC -DPIC
configure:9016: checking if gcc PIC flag -fPIC -DPIC works
configure:9034: gcc -c -g -O2  -fPIC -DPIC -DPIC conftest.c >&5
configure:9038: $? = 0
configure:9051: result: yes
configure:9080: checking if gcc static flag -static works
configure:9108: result: yes
configure:9123: checking if gcc supports -c -o file.o
configure:9144: gcc -c -g -O2  -o out/conftest2.o conftest.c >&5
configure:9148: $? = 0
configure:9170: result: yes
configure:9178: checking if gcc supports -c -o file.o
configure:9225: result: yes
configure:9258: checking whether the gcc linker (/usr/bin/ld -m elf_x86_64) supports shared libraries
configure:10521: result: yes
configure:10558: checking whether -lc should be explicitly linked in
configure:10566: gcc -c -g -O2  conftest.c >&5
configure:10569: $? = 0
configure:10584: gcc -shared  -fPIC -DPIC conftest.o  -v -Wl,-soname -Wl,conftest -o conftest 2\>\&1 \| /usr/bin/grep  -lc  \>/dev/null 2\>\&1
configure:10587: $? = 0
configure:10601: result: no
configure:10761: checking dynamic linker characteristics
configure:11342: gcc -o conftest -g -O2   -Wl,-rpath -Wl,/foo conftest.c  >&5
configure:11342: $? = 0
configure:11591: result: GNU/Linux ld.so
configure:11713: checking how to hardcode library paths into programs
configure:11738: result: immediate
configure:11840: checking for shl_load
configure:11840: gcc -o conftest -g -O2   conftest.c  >&5
/usr/bin/ld: /tmp/ccPSFAv8.o: in function `main':
/mnt/e/modsec/ModSec-DAN-deployment/ModSecurity/conftest.c:57: undefined reference to `shl_load'
collect2: error: ld returned 1 exit status
configure:11840: $? = 1
configure: failed program was:
| /* confdefs.h */
| #define PACKAGE_NAME "modsecurity"
| #define PACKAGE_TARNAME "modsecurity"
| #define PACKAGE_VERSION "2.9"
| #define PACKAGE_STRING "modsecurity 2.9"
| #define PACKAGE_BUGREPORT "support@modsecurity.org"
| #define PACKAGE_URL ""
| #define PACKAGE "modsecurity"
| #define VERSION "2.9"
| #define STDC_HEADERS 1
| #define HAVE_SYS_TYPES_H 1
| #define HAVE_SYS_STAT_H 1
| #define HAVE_STDLIB_H 1
| #define HAVE_STRING_H 1
| #define HAVE_MEMORY_H 1
| #define HAVE_STRINGS_H 1
| #define HAVE_INTTYPES_H 1
| #define HAVE_STDINT_H 1
| #define HAVE_UNISTD_H 1
| #define HAVE_DLFCN_H 1
| #define LT_OBJDIR ".libs/"
| /* end confdefs.h.  */
| /* Define shl_load to an innocuous variant, in case <limits.h> declares shl_load.
|    For example, HP-UX 11i <limits.h> declares gettimeofday.  */
| #define shl_load innocuous_shl_load
| 
| /* System header to define __stub macros and hopefully few prototypes,
|     which can conflict with char shl_load (); below.
|     Prefer <limits.h> to <assert.h> if __STDC__ is defined, since
|     <limits.h> exists even on freestanding compilers.  */
| 
| #ifdef __STDC__
| # include <limits.h>
| #else
| # include <assert.h>
| #endif
| 
| #undef shl_load
| 
| /* Override any GCC internal prototype to avoid an error.
|    Use char because int might match the return type of a GCC
|    builtin and then its argument prototype would still apply.  */
| #ifdef __cplusplus
| extern "C"
| #endif
| char shl_load ();
| /* The GNU C library defines this for functions which it implements
|     to always fail with ENOSYS.  Some functions are actually named
|     something starting with __ and the normal name is an alias.  */
| #if defined __stub_shl_load || defined __stub___shl_load
| choke me
| #endif
| 
| int
| main ()
| {
| return shl_load ();
|   ;
|   return 0;
| }
configure:11840: result: no
configure:11844: checking for shl_load in -ldld
configure:11869: gcc -o conftest -g -O2   conftest.c -ldld   >&5
/usr/bin/ld: cannot find -ldld
collect2: error: ld returned 1 exit status
configure:11869: $? = 1
configure: failed program was:
| /* confdefs.h */
| #define PACKAGE_NAME "modsecurity"
| #define PACKAGE_TARNAME "modsecurity"
| #define PACKAGE_VERSION "2.9"
| #define PACKAGE_STRING "modsecurity 2.9"
| #define PACKAGE_BUGREPORT "support@modsecurity.org"
| #define PACKAGE_URL ""
| #define PACKAGE "modsecurity"
| #define VERSION "2.9"
| #define STDC_HEADERS 1
| #define HAVE_SYS_TYPES_H 1
| #define HAVE_SYS_STAT_H 1
| #define HAVE_STDLIB_H 1
| #define HAVE_STRING_H 1
| #define HAVE_MEMORY_H 1
| #define HAVE_STRINGS_H 1
| #define HAVE_INTTYPES_H 1
| #define HAVE_STDINT_H 1
| #define HAVE_UNISTD_H 1
| #define HAVE_DLFCN_H 1
| #define LT_OBJDIR ".libs/"
| /* end confdefs.h.  */
| 
| /* Override any GCC internal prototype to avoid an error.
|    Use char because int might match the return type of a GCC
|    builtin and then its argument prototype would still apply.  */
| #ifdef __cplusplus
| extern "C"
| #endif
| char shl_load ();
| int
| main ()
| {
| return shl_load ();
|   ;
|   return 0;
| }
configure:11878: result: no
configure:11883: checking for dlopen
configure:11883: gcc -o conftest -g -O2   conftest.c  >&5
/usr/bin/ld: /tmp/cc19ILRh.o: in function `main':
/mnt/e/modsec/ModSec-DAN-deployment/ModSecurity/conftest.c:57: undefined reference to `dlopen'
collect2: error: ld returned 1 exit status
configure:11883: $? = 1
configure: failed program was:
| /* confdefs.h */
| #define PACKAGE_NAME "modsecurity"
| #define PACKAGE_TARNAME "modsecurity"
| #define PACKAGE_VERSION "2.9"
| #define PACKAGE_STRING "modsecurity 2.9"
| #define PACKAGE_BUGREPORT "support@modsecurity.org"
| #define PACKAGE_URL ""
| #define PACKAGE "modsecurity"
| #define VERSION "2.9"
| #define STDC_HEADERS 1
| #define HAVE_SYS_TYPES_H 1
| #define HAVE_SYS_STAT_H 1
| #define HAVE_STDLIB_H 1
| #define HAVE_STRING_H 1
| #define HAVE_MEMORY_H 1
| #define HAVE_STRINGS_H 1
| #define HAVE_INTTYPES_H 1
| #define HAVE_STDINT_H 1
| #define HAVE_UNISTD_H 1
| #define HAVE_DLFCN_H 1
| #define LT_OBJDIR ".libs/"
| /* end confdefs.h.  */
| /* Define dlopen to an innocuous variant, in case <limits.h> declares dlopen.
|    For example, HP-UX 11i <limits.h> declares gettimeofday.  */
| #define dlopen innocuous_dlopen
| 
| /* System header to define __stub macros and hopefully few prototypes,
|     which can conflict with char dlopen (); below.
|     Prefer <limits.h> to <assert.h> if __STDC__ is defined, since
|     <limits.h> exists even on freestanding compilers.  */
| 
| #ifdef __STDC__
| # include <limits.h>
| #else
| # include <assert.h>
| #endif
| 
| #undef dlopen
| 
| /* Override any GCC internal prototype to avoid an error.
|    Use char because int might match the return type of a GCC
|    builtin and then its argument prototype would still apply.  */
| #ifdef __cplusplus
| extern "C"
| #endif
| char dlopen ();
| /* The GNU C library defines this for functions which it implements
|     to always fail with ENOSYS.  Some functions are actually named
|     something starting with __ and the normal name is an alias.  */
| #if defined __stub_dlopen || defined __stub___dlopen
| choke me
| #endif
| 
| int
| main ()
| {
| return dlopen ();
|   ;
|   return 0;
| }
configure:11883: result: no
configure:11887: checking for dlopen in -ldl
configure:11912: gcc -o conftest -g -O2   conftest.c -ldl   >&5
configure:11912: $? = 0
configure:11921: result: yes
configure:12040: checking whether a program can dlopen itself
configure:12120: gcc -o conftest -g -O2  -DHAVE_DLFCN_H  -Wl,--export-dynamic conftest.c -ldl  >&5
configure:12123: $? = 0
configure:12141: result: yes
configure:12146: checking whether a statically linked program can dlopen itself
configure:12226: gcc -o conftest -g -O2  -DHAVE_DLFCN_H  -Wl,--export-dynamic -static conftest.c -ldl  >&5
/usr/bin/ld: /tmp/ccI9UU7N.o: in function `main':
/mnt/e/modsec/ModSec-DAN-deployment/ModSecurity/configure:12205: warning: Using 'dlopen' in statically linked applications requires at runtime the shared libraries from the glibc version used for linking
configure:12229: $? = 0
conftest: undefined symbol: _fnord
configure:12247: result: no
configure:12286: checking whether stripping libraries is possible
configure:12291: result: yes
configure:12326: checking if libtool supports shared libraries
configure:12328: result: yes
configure:12331: checking whether to build shared libraries
configure:12356: result: yes
configure:12359: checking whether to build static libraries
configure:12363: result: yes
configure:9182: checking for gawk
configure:9209: result: gawk
configure:9268: checking for gcc
configure:9295: result: gcc
configure:9524: checking for C compiler version
configure:9533: gcc --version >&5
gcc (Ubuntu 9.4.0-1ubuntu1~20.04.2) 9.4.0
Copyright (C) 2019 Free Software Foundation, Inc.
This is free software; see the source for copying conditions.  There is NO
warranty; not even for MERCHANTABILITY or FITNESS FOR A PARTICULAR PURPOSE.

configure:9544: $? = 0
configure:9533: gcc -v >&5
Using built-in specs.
COLLECT_GCC=gcc
COLLECT_LTO_WRAPPER=/usr/lib/gcc/x86_64-linux-gnu/9/lto-wrapper
OFFLOAD_TARGET_NAMES=nvptx-none:hsa
OFFLOAD_TARGET_DEFAULT=1
Target: x86_64-linux-gnu
Configured with: ../src/configure -v --with-pkgversion='Ubuntu 9.4.0-1ubuntu1~20.04.2' --with-bugurl=file:///usr/share/doc/gcc-9/README.Bugs --enable-languages=c,ada,c++,go,brig,d,fortran,objc,obj-c++,gm2 --prefix=/usr --with-gcc-major-version-only --program-suffix=-9 --program-prefix=x86_64-linux-gnu- --enable-shared --enable-linker-build-id --libexecdir=/usr/lib --without-included-gettext --enable-threads=posix --libdir=/usr/lib --enable-nls --enable-clocale=gnu --enable-libstdcxx-debug --enable-libstdcxx-time=yes --with-default-libstdcxx-abi=new --enable-gnu-unique-object --disable-vtable-verify --enable-plugin --enable-default-pie --with-system-zlib --with-target-system-zlib=auto --enable-objc-gc=auto --enable-multiarch --disable-werror --with-arch-32=i686 --with-abi=m64 --with-multilib-list=m32,m64,mx32 --enable-multilib --with-tune=generic --enable-offload-targets=nvptx-none=/build/gcc-9-9QDOt0/gcc-9-9.4.0/debian/tmp-nvptx/usr,hsa --without-cuda-driver --enable-checking=release --build=x86_64-linux-gnu --host=x86_64-linux-gnu --target=x86_64-linux-gnu
Thread model: posix
gcc version 9.4.0 (Ubuntu 9.4.0-1ubuntu1~20.04.2) 
configure:9544: $? = 0
configure:9533: gcc -V >&5
gcc: error: unrecognized command line option '-V'
gcc: fatal error: no input files
compilation terminated.
configure:9544: $? = 1
configure:9533: gcc -qversion >&5
gcc: error: unrecognized command line option '-qversion'; did you mean '--version'?
gcc: fatal error: no input files
compilation terminated.
configure:9544: $? = 1
configure:9548: checking whether we are using the GNU C compiler
configure:9576: result: yes
configure:9585: checking whether gcc accepts -g
configure:9646: result: yes
configure:9663: checking for gcc option to accept ISO C89
configure:9739: result: none needed
configure:9764: checking whether gcc understands -c and -o together
configure:9801: result: yes
configure:9820: checking dependency style of gcc
configure:9931: result: gcc3
configure:9951: checking how to run the C preprocessor
configure:10021: result: gcc -E
configure:10041: gcc -E  conftest.c
configure:10041: $? = 0
configure:10055: gcc -E  conftest.c
conftest.c:23:10: fatal error: ac_nonexistent.h: No such file or directory
   23 | #include <ac_nonexistent.h>
      |          ^~~~~~~~~~~~~~~~~~
compilation terminated.
configure:10055: $? = 1
configure: failed program was:
| /* confdefs.h */
| #define PACKAGE_NAME "modsecurity"
| #define PACKAGE_TARNAME "modsecurity"
| #define PACKAGE_VERSION "2.9"
| #define PACKAGE_STRING "modsecurity 2.9"
| #define PACKAGE_BUGREPORT "support@modsecurity.org"
| #define PACKAGE_URL ""
| #define PACKAGE "modsecurity"
| #define VERSION "2.9"
| #define STDC_HEADERS 1
| #define HAVE_SYS_TYPES_H 1
| #define HAVE_SYS_STAT_H 1
| #define HAVE_STDLIB_H 1
| #define HAVE_STRING_H 1
| #define HAVE_MEMORY_H 1
| #define HAVE_STRINGS_H 1
| #define HAVE_INTTYPES_H 1
| #define HAVE_STDINT_H 1
| #define HAVE_UNISTD_H 1
| #define HAVE_DLFCN_H 1
| #define LT_OBJDIR ".libs/"
| /* end confdefs.h.  */
| #include <ac_nonexistent.h>
configure:10084: checking whether ln -s works
configure:10088: result: yes
configure:10095: checking whether make sets $(MAKE)
configure:10117: result: yes
configure:10126: checking for grep that handles long lines and -e
configure:10184: result: /usr/bin/grep
configure:10193: checking for perl
configure:10211: found /usr/bin/perl
configure:10223: result: /usr/bin/perl
configure:10238: checking for env
configure:10256: found /usr/bin/env
configure:10268: result: /usr/bin/env
configure:10281: checking for ANSI C header files
configure:10385: result: yes
configure:10396: checking fcntl.h usability
configure:10396: gcc -c -g -O2  conftest.c >&5
configure:10396: $? = 0
configure:10396: result: yes
configure:10396: checking fcntl.h presence
configure:10396: gcc -E  conftest.c
configure:10396: $? = 0
configure:10396: result: yes
configure:10396: checking for fcntl.h
configure:10396: result: yes
configure:10396: checking limits.h usability
configure:10396: gcc -c -g -O2  conftest.c >&5
configure:10396: $? = 0
configure:10396: result: yes
configure:10396: checking limits.h presence
configure:10396: gcc -E  conftest.c
configure:10396: $? = 0
configure:10396: result: yes
configure:10396: checking for limits.h
configure:10396: result: yes
configure:10396: checking for stdlib.h
configure:10396: result: yes
configure:10396: checking for string.h
configure:10396: result: yes
configure:10396: checking for unistd.h
configure:10396: result: yes
configure:10396: checking for sys/types.h
configure:10396: result: yes
configure:10396: checking for sys/stat.h
configure:10396: result: yes
configure:10396: checking sys/utsname.h usability
configure:10396: gcc -c -g -O2  conftest.c >&5
configure:10396: $? = 0
configure:10396: result: yes
configure:10396: checking sys/utsname.h presence
configure:10396: gcc -E  conftest.c
configure:10396: $? = 0
configure:10396: result: yes
configure:10396: checking for sys/utsname.h
configure:10396: result: yes
configure:10408: checking for an ANSI C-conforming const
configure:10474: gcc -c -g -O2  conftest.c >&5
configure:10474: $? = 0
configure:10481: result: yes
configure:10489: checking for inline
configure:10505: gcc -c -g -O2  conftest.c >&5
configure:10505: $? = 0
configure:10513: result: inline
configure:10531: checking for C/C++ restrict keyword
configure:10556: gcc -c -g -O2  conftest.c >&5
configure:10556: $? = 0
configure:10564: result: __restrict
configure:10577: checking for pid_t
configure:10577: gcc -c -g -O2  conftest.c >&5
configure:10577: $? = 0
configure:10577: gcc -c -g -O2  conftest.c >&5
conftest.c: In function 'main':
conftest.c:69:20: error: expected expression before ')' token
   69 | if (sizeof ((pid_t)))
      |                    ^
configure:10577: $? = 1
configure: failed program was:
| /* confdefs.h */
| #define PACKAGE_NAME "modsecurity"
| #define PACKAGE_TARNAME "modsecurity"
| #define PACKAGE_VERSION "2.9"
| #define PACKAGE_STRING "modsecurity 2.9"
| #define PACKAGE_BUGREPORT "support@modsecurity.org"
| #define PACKAGE_URL ""
| #define PACKAGE "modsecurity"
| #define VERSION "2.9"
| #define STDC_HEADERS 1
| #define HAVE_SYS_TYPES_H 1
| #define HAVE_SYS_STAT_H 1
| #define HAVE_STDLIB_H 1
| #define HAVE_STRING_H 1
| #define HAVE_MEMORY_H 1
| #define HAVE_STRINGS_H 1
| #define HAVE_INTTYPES_H 1
| #define HAVE_STDINT_H 1
| #define HAVE_UNISTD_H 1
| #define HAVE_DLFCN_H 1
| #define LT_OBJDIR ".libs/"
| #define STDC_HEADERS 1
| #define HAVE_FCNTL_H 1
| #define HAVE_LIMITS_H 1
| #define HAVE_STDLIB_H 1
| #define HAVE_STRING_H 1
| #define HAVE_UNISTD_H 1
| #define HAVE_SYS_TYPES_H 1
| #define HAVE_SYS_STAT_H 1
| #define HAVE_SYS_UTSNAME_H 1
| #define restrict __restrict
| /* end confdefs.h.  */
| #include <stdio.h>
| #ifdef HAVE_SYS_TYPES_H
| # include <sys/types.h>
| #endif
| #ifdef HAVE_SYS_STAT_H
| # include <sys/stat.h>
| #endif
| #ifdef STDC_HEADERS
| # include <stdlib.h>
| # include <stddef.h>
| #else
| # ifdef HAVE_STDLIB_H
| #  include <stdlib.h>
| # endif
| #endif
| #ifdef HAVE_STRING_H
| # if !defined STDC_HEADERS && defined HAVE_MEMORY_H
| #  include <memory.h>
| # endif
| # include <string.h>
| #endif
| #ifdef HAVE_STRINGS_H
| # include <strings.h>
| #endif
| #ifdef HAVE_INTTYPES_H
| # include <inttypes.h>
| #endif
| #ifdef HAVE_STDINT_H
| # include <stdint.h>
| #endif
| #ifdef HAVE_UNISTD_H
| # include <unistd.h>
| #endif
| int
| main ()
| {
| if (sizeof ((pid_t)))
| 	    return 0;
|   ;
|   return 0;
| }
configure:10577: result: yes
configure:10588: checking for size_t
configure:10588: gcc -c -g -O2  conftest.c >&5
configure:10588: $? = 0
configure:10588: gcc -c -g -O2  conftest.c >&5
conftest.c: In function 'main':
conftest.c:69:21: error: expected expression before ')' token
   69 | if (sizeof ((size_t)))
      |                     ^
configure:10588: $? = 1
configure: failed program was:
| /* confdefs.h */
| #define PACKAGE_NAME "modsecurity"
| #define PACKAGE_TARNAME "modsecurity"
| #define PACKAGE_VERSION "2.9"
| #define PACKAGE_STRING "modsecurity 2.9"
| #define PACKAGE_BUGREPORT "support@modsecurity.org"
| #define PACKAGE_URL ""
| #define PACKAGE "modsecurity"
| #define VERSION "2.9"
| #define STDC_HEADERS 1
| #define HAVE_SYS_TYPES_H 1
| #define HAVE_SYS_STAT_H 1
| #define HAVE_STDLIB_H 1
| #define HAVE_STRING_H 1
| #define HAVE_MEMORY_H 1
| #define HAVE_STRINGS_H 1
| #define HAVE_INTTYPES_H 1
| #define HAVE_STDINT_H 1
| #define HAVE_UNISTD_H 1
| #define HAVE_DLFCN_H 1
| #define LT_OBJDIR ".libs/"
| #define STDC_HEADERS 1
| #define HAVE_FCNTL_H 1
| #define HAVE_LIMITS_H 1
| #define HAVE_STDLIB_H 1
| #define HAVE_STRING_H 1
| #define HAVE_UNISTD_H 1
| #define HAVE_SYS_TYPES_H 1
| #define HAVE_SYS_STAT_H 1
| #define HAVE_SYS_UTSNAME_H 1
| #define restrict __restrict
| /* end confdefs.h.  */
| #include <stdio.h>
| #ifdef HAVE_SYS_TYPES_H
| # include <sys/types.h>
| #endif
| #ifdef HAVE_SYS_STAT_H
| # include <sys/stat.h>
| #endif
| #ifdef STDC_HEADERS
| # include <stdlib.h>
| # include <stddef.h>
| #else
| # ifdef HAVE_STDLIB_H
| #  include <stdlib.h>
| # endif
| #endif
| #ifdef HAVE_STRING_H
| # if !defined STDC_HEADERS && defined HAVE_MEMORY_H
| #  include <memory.h>
| # endif
| # include <string.h>
| #endif
| #ifdef HAVE_STRINGS_H
| # include <strings.h>
| #endif
| #ifdef HAVE_INTTYPES_H
| # include <inttypes.h>
| #endif
| #ifdef HAVE_STDINT_H
| # include <stdint.h>
| #endif
| #ifdef HAVE_UNISTD_H
| # include <unistd.h>
| #endif
| int
| main ()
| {
| if (sizeof ((size_t)))
| 	    return 0;
|   ;
|   return 0;
| }
configure:10588: result: yes
configure:10599: checking whether struct tm is in sys/time.h or time.h
configure:10619: gcc -c -g -O2  conftest.c >&5
configure:10619: $? = 0
configure:10626: result: time.h
configure:10634: checking for uint8_t
configure:10634: gcc -c -g -O2  conftest.c >&5
configure:10634: $? = 0
configure:10634: result: yes
configure:10652: checking for stdlib.h
configure:10652: result: yes
configure:10662: checking for GNU libc compatible malloc
configure:10686: gcc -o conftest -g -O2   conftest.c  >&5
configure:10686: $? = 0
configure:10686: ./conftest
configure:10686: $? = 0
configure:10696: result: yes
configure:10717: checking for working memcmp
configure:10760: gcc -o conftest -g -O2   conftest.c  >&5
configure:10760: $? = 0
configure:10760: ./conftest
configure:10760: $? = 0
configure:10770: result: yes
configure:10782: checking for atexit
configure:10782: gcc -o conftest -g -O2   conftest.c  >&5
configure:10782: $? = 0
configure:10782: result: yes
configure:10782: checking for getcwd
configure:10782: gcc -o conftest -g -O2   conftest.c  >&5
configure:10782: $? = 0
configure:10782: result: yes
configure:10782: checking for memmove
configure:10782: gcc -o conftest -g -O2   conftest.c  >&5
conftest.c:60:6: warning: conflicting types for built-in function 'memmove'; expected 'void *(void *, const void *, long unsigned int)' [-Wbuiltin-declaration-mismatch]
   60 | char memmove ();
      |      ^~~~~~~
conftest.c:48:1: note: 'memmove' is declared in header '<string.h>'
   47 | # include <limits.h>
   48 | #else
configure:10782: $? = 0
configure:10782: result: yes
configure:10782: checking for memset
configure:10782: gcc -o conftest -g -O2   conftest.c  >&5
conftest.c:61:6: warning: conflicting types for built-in function 'memset'; expected 'void *(void *, int,  long unsigned int)' [-Wbuiltin-declaration-mismatch]
   61 | char memset ();
      |      ^~~~~~
conftest.c:49:1: note: 'memset' is declared in header '<string.h>'
   48 | # include <limits.h>
   49 | #else
configure:10782: $? = 0
configure:10782: result: yes
configure:10782: checking for strcasecmp
configure:10782: gcc -o conftest -g -O2   conftest.c  >&5
conftest.c:62:6: warning: conflicting types for built-in function 'strcasecmp'; expected 'int(const char *, const char *)' [-Wbuiltin-declaration-mismatch]
   62 | char strcasecmp ();
      |      ^~~~~~~~~~
configure:10782: $? = 0
configure:10782: result: yes
configure:10782: checking for strchr
configure:10782: gcc -o conftest -g -O2   conftest.c  >&5
conftest.c:63:6: warning: conflicting types for built-in function 'strchr'; expected 'char *(const char *, int)' [-Wbuiltin-declaration-mismatch]
   63 | char strchr ();
      |      ^~~~~~
conftest.c:51:1: note: 'strchr' is declared in header '<string.h>'
   50 | # include <limits.h>
   51 | #else
configure:10782: $? = 0
configure:10782: result: yes
configure:10782: checking for strdup
configure:10782: gcc -o conftest -g -O2   conftest.c  >&5
conftest.c:64:6: warning: conflicting types for built-in function 'strdup'; expected 'char *(const char *)' [-Wbuiltin-declaration-mismatch]
   64 | char strdup ();
      |      ^~~~~~
configure:10782: $? = 0
configure:10782: result: yes
configure:10782: checking for strerror
configure:10782: gcc -o conftest -g -O2   conftest.c  >&5
configure:10782: $? = 0
configure:10782: result: yes
configure:10782: checking for strncasecmp
configure:10782: gcc -o conftest -g -O2   conftest.c  >&5
conftest.c:66:6: warning: conflicting types for built-in function 'strncasecmp'; expected 'int(const char *, const char *, long unsigned int)' [-Wbuiltin-declaration-mismatch]
   66 | char strncasecmp ();
      |      ^~~~~~~~~~~
configure:10782: $? = 0
configure:10782: result: yes
configure:10782: checking for strrchr
configure:10782: gcc -o conftest -g -O2   conftest.c  >&5
conftest.c:67:6: warning: conflicting types for built-in function 'strrchr'; expected 'char *(const char *, int)' [-Wbuiltin-declaration-mismatch]
   67 | char strrchr ();
      |      ^~~~~~~
conftest.c:55:1: note: 'strrchr' is declared in header '<string.h>'
   54 | # include <limits.h>
   55 | #else
configure:10782: $? = 0
configure:10782: result: yes
configure:10782: checking for strstr
configure:10782: gcc -o conftest -g -O2   conftest.c  >&5
conftest.c:68:6: warning: conflicting types for built-in function 'strstr'; expected 'char *(const char *, const char *)' [-Wbuiltin-declaration-mismatch]
   68 | char strstr ();
      |      ^~~~~~
conftest.c:56:1: note: 'strstr' is declared in header '<string.h>'
   55 | # include <limits.h>
   56 | #else
configure:10782: $? = 0
configure:10782: result: yes
configure:10782: checking for strtol
configure:10782: gcc -o conftest -g -O2   conftest.c  >&5
configure:10782: $? = 0
configure:10782: result: yes
configure:10782: checking for fchmod
configure:10782: gcc -o conftest -g -O2   conftest.c  >&5
configure:10782: $? = 0
configure:10782: result: yes
configure:10782: checking for strcasestr
configure:10782: gcc -o conftest -g -O2   conftest.c  >&5
configure:10782: $? = 0
configure:10782: result: yes
configure:11088: checking for libcurl config script
configure:11118: result: /usr/bin/curl-config
configure:11131: checking if libcurl is at least v
configure:11136: result: yes, 7.68.0 
configure:11150: checking if libcurl is linked with gnutls
configure:11160: result: no
configure:11184: using curl v7.68.0 
configure:11777: looking for Apache module support via DSO through APXS
configure:11818: found apxs at /usr/bin/apxs2
configure:11820: checking httpd version
configure:11832: httpd is recent enough
configure:11974: checking for libpcre config script
configure:12010: result: /usr/bin/pcre-config
configure:12042: using pcre v8.39
configure:12058: checking for libapr config script
configure:12088: result: /usr/bin/apr-1-config
configure:12130: using apr v1.6.5
configure:12145: checking for libapu config script
configure:12175: result: /usr/bin/apu-1-config
configure:12214: using apu v1.6.1
configure:12230: checking for libxml2 config script
configure:12260: result: /usr/bin/xml2-config
configure:12272: checking if libxml2 is at least v2.6.29
configure:12277: result: yes, 2.9.10
configure:12302: using libxml2 v2.9.10
configure:12361: checking for pkg-config
configure:12379: found /usr/bin/pkg-config
configure:12391: result: /usr/bin/pkg-config
configure:12416: checking pkg-config is at least version 0.9.0
configure:12419: result: yes
configure:12460: checking for liblua config script
configure:12496: result: /usr/bin/pkg-config
configure:12625: using lua v5.1.5
configure:12669: checking for libyajl config script
configure:12719: result: no
configure:12722: checking for yajl install
configure:12773: result: no
configure:12787: optional yajl library not found
configure:12822: checking for ssdeep path
configure:12849: result: no
configure:12853: optional ssdeep library not found
configure:12890: gcc -c -g -O2  -I/usr/include/apr-1.0     -DLINUX -D_REENTRANT -D_GNU_SOURCE conftest.c >&5
configure:12890: $? = 0
configure:13073: checking that generated files are newer than configure
configure:13079: result: done
configure:13166: creating ./config.status

## ---------------------- ##
## Running config.status. ##
## ---------------------- ##

This file was extended by modsecurity config.status 2.9, which was
generated by GNU Autoconf 2.69.  Invocation command line was

  CONFIG_FILES    = 
  CONFIG_HEADERS  = 
  CONFIG_LINKS    = 
  CONFIG_COMMANDS = 
  $ ./config.status 

on DESKTOP-KM5BUDM

config.status:1243: creating Makefile
config.status:1243: creating tools/Makefile
config.status:1243: creating apache2/Makefile
config.status:1243: creating build/apxs-wrapper
config.status:1243: creating mlogc/mlogc-batch-load.pl
config.status:1243: creating tests/regression/misc/40-secRemoteRules.t
config.status:1243: creating tests/regression/misc/50-ipmatchfromfile-external.t
config.status:1243: creating tests/regression/misc/60-pmfromfile-external.t
config.status:1243: creating tests/run-unit-tests.pl
config.status:1243: creating tests/run-regression-tests.pl
config.status:1243: creating tests/gen_rx-pm.pl
config.status:1243: creating tests/csv_rx-pm.pl
config.status:1243: creating tests/regression/server_root/conf/httpd.conf
config.status:1243: creating tools/rules-updater.pl
config.status:1243: creating mlogc/Makefile
config.status:1243: creating tests/Makefile
config.status:1243: creating apache2/modsecurity_config_auto.h
config.status:1424: apache2/modsecurity_config_auto.h is unchanged
config.status:1472: executing depfiles commands
config.status:1549: cd apache2       && sed -e '/# am--include-marker/d' Makefile         | make -f - am--depfiles
make: Nothing to be done for 'am--depfiles'.
config.status:1554: $? = 0
config.status:1549: cd mlogc       && sed -e '/# am--include-marker/d' Makefile         | make -f - am--depfiles
make: Nothing to be done for 'am--depfiles'.
config.status:1554: $? = 0
config.status:1549: cd tests       && sed -e '/# am--include-marker/d' Makefile         | make -f - am--depfiles
make: Nothing to be done for 'am--depfiles'.
config.status:1554: $? = 0
config.status:1472: executing libtool commands

## ---------------- ##
## Cache variables. ##
## ---------------- ##

ac_cv_build=x86_64-pc-linux-gnu
ac_cv_c_compiler_gnu=yes
ac_cv_c_const=yes
ac_cv_c_inline=inline
ac_cv_c_restrict=__restrict
ac_cv_c_uint8_t=yes
ac_cv_env_CC_set=
ac_cv_env_CC_value=
ac_cv_env_CFLAGS_set=
ac_cv_env_CFLAGS_value=
ac_cv_env_CPPFLAGS_set=
ac_cv_env_CPPFLAGS_value=
ac_cv_env_CPP_set=
ac_cv_env_CPP_value=
ac_cv_env_LDFLAGS_set=
ac_cv_env_LDFLAGS_value=
ac_cv_env_LIBS_set=
ac_cv_env_LIBS_value=
ac_cv_env_LT_SYS_LIBRARY_PATH_set=
ac_cv_env_LT_SYS_LIBRARY_PATH_value=
ac_cv_env_PKG_CONFIG_LIBDIR_set=
ac_cv_env_PKG_CONFIG_LIBDIR_value=
ac_cv_env_PKG_CONFIG_PATH_set=
ac_cv_env_PKG_CONFIG_PATH_value=
ac_cv_env_PKG_CONFIG_set=
ac_cv_env_PKG_CONFIG_value=
ac_cv_env_build_alias_set=
ac_cv_env_build_alias_value=
ac_cv_env_host_alias_set=
ac_cv_env_host_alias_value=
ac_cv_env_target_alias_set=
ac_cv_env_target_alias_value=
ac_cv_func_atexit=yes
ac_cv_func_dlopen=no
ac_cv_func_fchmod=yes
ac_cv_func_getcwd=yes
ac_cv_func_malloc_0_nonnull=yes
ac_cv_func_memcmp_working=yes
ac_cv_func_memmove=yes
ac_cv_func_memset=yes
ac_cv_func_shl_load=no
ac_cv_func_strcasecmp=yes
ac_cv_func_strcasestr=yes
ac_cv_func_strchr=yes
ac_cv_func_strdup=yes
ac_cv_func_strerror=yes
ac_cv_func_strncasecmp=yes
ac_cv_func_strrchr=yes
ac_cv_func_strstr=yes
ac_cv_func_strtol=yes
ac_cv_header_dlfcn_h=yes
ac_cv_header_fcntl_h=yes
ac_cv_header_inttypes_h=yes
ac_cv_header_limits_h=yes
ac_cv_header_memory_h=yes
ac_cv_header_stdc=yes
ac_cv_header_stdint_h=yes
ac_cv_header_stdlib_h=yes
ac_cv_header_string_h=yes
ac_cv_header_strings_h=yes
ac_cv_header_sys_stat_h=yes
ac_cv_header_sys_types_h=yes
ac_cv_header_sys_utsname_h=yes
ac_cv_header_unistd_h=yes
ac_cv_host=x86_64-pc-linux-gnu
ac_cv_lib_dl_dlopen=yes
ac_cv_lib_dld_shl_load=no
ac_cv_objext=o
ac_cv_path_EGREP='/usr/bin/grep -E'
ac_cv_path_ENV_CMD=/usr/bin/env
ac_cv_path_FGREP='/usr/bin/grep -F'
ac_cv_path_GREP=/usr/bin/grep
ac_cv_path_PERL=/usr/bin/perl
ac_cv_path_SED=/usr/bin/sed
ac_cv_path_ac_pt_PKG_CONFIG=/usr/bin/pkg-config
ac_cv_path_install='/usr/bin/install -c'
ac_cv_path_lt_DD=/usr/bin/dd
ac_cv_path_mkdir=/usr/bin/mkdir
ac_cv_prog_AWK=gawk
ac_cv_prog_CPP='gcc -E'
ac_cv_prog_ac_ct_AR=ar
ac_cv_prog_ac_ct_CC=gcc
ac_cv_prog_ac_ct_MANIFEST_TOOL=mt
ac_cv_prog_ac_ct_OBJDUMP=objdump
ac_cv_prog_ac_ct_RANLIB=ranlib
ac_cv_prog_ac_ct_STRIP=strip
ac_cv_prog_cc_c89=
ac_cv_prog_cc_g=yes
ac_cv_prog_make_make_set=yes
ac_cv_struct_tm=time.h
ac_cv_type_pid_t=yes
ac_cv_type_size_t=yes
am_cv_CC_dependencies_compiler_type=gcc3
am_cv_ar_interface=ar
am_cv_make_support_nested_variables=yes
am_cv_prog_cc_c_o=yes
lt_cv_ar_at_file=@
lt_cv_archive_cmds_need_lc=no
lt_cv_deplibs_check_method=pass_all
lt_cv_dlopen=dlopen
lt_cv_dlopen_libs=-ldl
lt_cv_dlopen_self=yes
lt_cv_dlopen_self_static=no
lt_cv_file_magic_cmd='$MAGIC_CMD'
lt_cv_file_magic_test_file=
lt_cv_ld_reload_flag=-r
lt_cv_nm_interface='BSD nm'
lt_cv_objdir=.libs
lt_cv_path_LD=/usr/bin/ld
lt_cv_path_NM='/usr/bin/nm -B'
lt_cv_path_mainfest_tool=no
lt_cv_prog_compiler_c_o=yes
lt_cv_prog_compiler_pic='-fPIC -DPIC'
lt_cv_prog_compiler_pic_works=yes
lt_cv_prog_compiler_rtti_exceptions=no
lt_cv_prog_compiler_static_works=yes
lt_cv_prog_gnu_ld=yes
lt_cv_sharedlib_from_linklib_cmd='printf %s\n'
lt_cv_shlibpath_overrides_runpath=yes
lt_cv_sys_global_symbol_pipe='sed -n -e '\''s/^.*[	 ]\([ABCDGIRSTW][ABCDGIRSTW]*\)[	 ][	 ]*\([_A-Za-z][_A-Za-z0-9]*\)$/\1 \2 \2/p'\'' | sed '\''/ __gnu_lto/d'\'''
lt_cv_sys_global_symbol_to_c_name_address='sed -n -e '\''s/^: \(.*\) .*$/  {"\1", (void *) 0},/p'\'' -e '\''s/^[ABCDGIRSTW][ABCDGIRSTW]* .* \(.*\)$/  {"\1", (void *) \&\1},/p'\'''
lt_cv_sys_global_symbol_to_c_name_address_lib_prefix='sed -n -e '\''s/^: \(.*\) .*$/  {"\1", (void *) 0},/p'\'' -e '\''s/^[ABCDGIRSTW][ABCDGIRSTW]* .* \(lib.*\)$/  {"\1", (void *) \&\1},/p'\'' -e '\''s/^[ABCDGIRSTW][ABCDGIRSTW]* .* \(.*\)$/  {"lib\1", (void *) \&\1},/p'\'''
lt_cv_sys_global_symbol_to_cdecl='sed -n -e '\''s/^T .* \(.*\)$/extern int \1();/p'\'' -e '\''s/^[ABCDGIRSTW][ABCDGIRSTW]* .* \(.*\)$/extern char \1;/p'\'''
lt_cv_sys_global_symbol_to_import=
lt_cv_sys_max_cmd_len=1572864
lt_cv_to_host_file_cmd=func_convert_file_noop
lt_cv_to_tool_file_cmd=func_convert_file_noop
lt_cv_truncate_bin='/usr/bin/dd bs=4096 count=1'

## ----------------- ##
## Output variables. ##
## ----------------- ##

ACLOCAL='${SHELL} /mnt/e/modsec/ModSec-DAN-deployment/ModSecurity/build/missing aclocal-1.16'
AIX_FALSE=''
AIX_TRUE='#'
AMDEPBACKSLASH='\'
AMDEP_FALSE='#'
AMDEP_TRUE=''
AMTAR='$${TAR-tar}'
AM_BACKSLASH='\'
AM_DEFAULT_V='$(AM_DEFAULT_VERBOSITY)'
AM_DEFAULT_VERBOSITY='1'
AM_V='$(V)'
APR_CFLAGS=' -I/usr/include/apr-1.0 '
APR_CONFIG='/usr/bin/apr-1-config'
APR_CPPFLAGS='  -DLINUX -D_REENTRANT -D_GNU_SOURCE'
APR_INCLUDEDIR='/usr/include/apr-1.0'
APR_LDADD=' /usr/lib/x86_64-linux-gnu/libapr-1.la'
APR_LDFLAGS=' '
APR_LINKLD=' -L/usr/lib/x86_64-linux-gnu -lapr-1'
APR_VERSION='1.6.5'
APU_CFLAGS=' -I/usr/include/apr-1.0 -I/usr/include'
APU_CONFIG='/usr/bin/apu-1-config'
APU_INCLUDEDIR='/usr/include/apr-1.0'
APU_LDADD=' /usr/lib/x86_64-linux-gnu/libaprutil-1.la'
APU_LDFLAGS='     '
APU_LINKLD=' -L/usr/lib/x86_64-linux-gnu -laprutil-1'
APU_VERSION='1.6.1'
APXS='/usr/bin/apxs2'
APXS_BINDIR='/usr/bin'
APXS_CC='x86_64-linux-gnu-gcc'
APXS_CFLAGS='-I/usr/include/apache2'
APXS_EXTRA_CFLAGS=' -Wc,-O2 -Wc,-g -Wc,-Wall'
APXS_HTTPD='/usr/sbin/apache2'
APXS_INCLUDEDIR='/usr/include/apache2'
APXS_INCLUDES='-I/usr/include/apache2  -I/usr/include/apache2 -I. -I/usr/include/apr-1.0 -I/usr/include'
APXS_LDFLAGS=''
APXS_LIBDIR='/usr/lib'
APXS_LIBEXECDIR='/usr/lib/apache2/modules'
APXS_LIBS='-L/usr/lib  '
APXS_LIBTOOL='/usr/share/apr-1.0/build/libtool --no-silent'
APXS_MODULES='/usr/lib/apache2/modules'
APXS_PROGNAME='apache2'
APXS_SBINDIR='/usr/sbin'
APXS_WRAPPER='build/apxs-wrapper'
AR='ar'
AUTOCONF='${SHELL} /mnt/e/modsec/ModSec-DAN-deployment/ModSecurity/build/missing autoconf'
AUTOHEADER='${SHELL} /mnt/e/modsec/ModSec-DAN-deployment/ModSecurity/build/missing autoheader'
AUTOMAKE='${SHELL} /mnt/e/modsec/ModSec-DAN-deployment/ModSecurity/build/missing automake-1.16'
AWK='gawk'
BUILD_ALP2_FALSE=''
BUILD_ALP2_TRUE='#'
BUILD_APACHE2_MODULE_FALSE='#'
BUILD_APACHE2_MODULE_TRUE=''
BUILD_DOCS_FALSE=''
BUILD_DOCS_TRUE='#'
BUILD_MLOGC_FALSE='#'
BUILD_MLOGC_TRUE=''
BUILD_STANDALONE_MODULE_FALSE=''
BUILD_STANDALONE_MODULE_TRUE='#'
BUILD_extentions_FALSE=''
BUILD_extentions_TRUE='#'
CC='gcc'
CCDEPMODE='depmode=gcc3'
CFLAGS='-g -O2  -I/usr/include/apr-1.0 -I/usr/include'
CPP='gcc -E'
CPPFLAGS=''
CURL_CFLAGS=' -DWITH_CURL_SSLVERSION_TLSv1_2 -DWITH_CURL'
CURL_CONFIG='/usr/bin/curl-config'
CURL_CPPFLAGS=''
CURL_LDADD='-lcurl'
CURL_LDFLAGS=''
CURL_USES_GNUTLS='no'
CURL_VERSION='7.68.0 '
CYGPATH_W='echo'
DEFS='-DHAVE_CONFIG_H'
DEPDIR='.deps'
DLLTOOL='false'
DOXYGEN=''
DSYMUTIL=''
DUMPBIN=''
ECHO_C=''
ECHO_N='-n'
ECHO_T=''
EGREP='/usr/bin/grep -E'
ENV_CMD='/usr/bin/env'
EXEEXT=''
EXTRA_CFLAGS='-O2 -g -Wall '
FGREP='/usr/bin/grep -F'
FREEBSD_FALSE=''
FREEBSD_TRUE='#'
GREP='/usr/bin/grep'
HPUX_FALSE=''
HPUX_TRUE='#'
INSTALL_DATA='${INSTALL} -m 644'
INSTALL_PROGRAM='${INSTALL}'
INSTALL_SCRIPT='${INSTALL}'
INSTALL_STRIP_PROGRAM='$(install_sh) -c -s'
LD='/usr/bin/ld -m elf_x86_64'
LDFLAGS=''
LIBOBJS=''
LIBS=''
LIBTOOL='$(SHELL) $(top_builddir)/libtool'
LIBXML2_CFLAGS='-I/usr/include/libxml2'
LIBXML2_CONFIG='/usr/bin/xml2-config'
LIBXML2_CPPFLAGS=''
LIBXML2_LDADD='-lxml2'
LIBXML2_LDFLAGS=''
LIBXML2_VERSION='2.9.10'
LINUX390_FALSE=''
LINUX390_TRUE='#'
LINUX_FALSE='#'
LINUX_TRUE=''
LIPO=''
LN_S='ln -s'
LTLIBOBJS=''
LT_SYS_LIBRARY_PATH=''
LUA_CFLAGS='-DWITH_LUA -I/usr/include/lua5.1'
LUA_LDADD='-llua5.1'
LUA_LDFLAGS=''
MACOSX_FALSE=''
MACOSX_TRUE='#'
MAKEINFO='${SHELL} /mnt/e/modsec/ModSec-DAN-deployment/ModSecurity/build/missing makeinfo'
MANIFEST_TOOL=':'
MKDIR_P='/usr/bin/mkdir -p'
MODSEC_APXS_EXTRA_CFLAGS=' -Wc,-DWITH_PCRE_STUDY -Wc,-DMODSEC_PCRE_MATCH_LIMIT=1500 -Wc,-DMODSEC_PCRE_MATCH_LIMIT_RECURSION=1500 -Wc,-DREQUEST_EARLY'
MODSEC_EXTRA_CFLAGS='-DWITH_PCRE_STUDY -DMODSEC_PCRE_MATCH_LIMIT=1500 -DMODSEC_PCRE_MATCH_LIMIT_RECURSION=1500  -DREQUEST_EARLY                    -DWITH_APU_CRYPTO -DWITH_REMOTE_RULES'
MSC_BASE_DIR='/mnt/e/modsec/ModSec-DAN-deployment/ModSecurity'
MSC_PKGBASE_DIR='/mnt/e/modsec/ModSec-DAN-deployment/ModSecurity/..'
MSC_REGRESSION_CONF_DIR='/mnt/e/modsec/ModSec-DAN-deployment/ModSecurity/tests/regression/server_root/conf'
MSC_REGRESSION_DIR='/mnt/e/modsec/ModSec-DAN-deployment/ModSecurity/tests/regression'
MSC_REGRESSION_DOCROOT_DIR='/mnt/e/modsec/ModSec-DAN-deployment/ModSecurity/tests/regression/server_root/htdocs'
MSC_REGRESSION_LOGS_DIR='/mnt/e/modsec/ModSec-DAN-deployment/ModSecurity/tests/regression/server_root/logs'
MSC_REGRESSION_SERVERROOT_DIR='/mnt/e/modsec/ModSec-DAN-deployment/ModSecurity/tests/regression/server_root'
MSC_TEST_DIR='/mnt/e/modsec/ModSec-DAN-deployment/ModSecurity/tests'
NETBSD_FALSE=''
NETBSD_TRUE='#'
NM='/usr/bin/nm -B'
NMEDIT=''
OBJDUMP='objdump'
OBJEXT='o'
OPENBSD_FALSE=''
OPENBSD_TRUE='#'
OTOOL64=''
OTOOL=''
PACKAGE='modsecurity'
PACKAGE_BUGREPORT='support@modsecurity.org'
PACKAGE_NAME='modsecurity'
PACKAGE_STRING='modsecurity 2.9'
PACKAGE_TARNAME='modsecurity'
PACKAGE_URL=''
PACKAGE_VERSION='2.9'
PATH_SEPARATOR=':'
PCRE_CFLAGS=''
PCRE_CONFIG='/usr/bin/pcre-config'
PCRE_CPPFLAGS=''
PCRE_LDADD='-lpcre'
PCRE_LDFLAGS=''
PCRE_LD_PATH='/-lpcre'
PCRE_VERSION='8.39'
PERL='/usr/bin/perl'
PKG_CONFIG='/usr/bin/pkg-config'
PKG_CONFIG_LIBDIR=''
PKG_CONFIG_PATH=''
RANLIB='ranlib'
SED='/usr/bin/sed'
SET_MAKE=''
SHELL='/bin/bash'
SOLARIS_FALSE=''
SOLARIS_TRUE='#'
SSDEEP_CFLAGS=''
SSDEEP_LDADD=''
SSDEEP_LDFLAGS=''
STRIP='strip'
TOPLEVEL_SUBDIRS='tools apache2 mlogc'
VERSION='2.9'
YAJL_CFLAGS=''
YAJL_LDADD=''
YAJL_LDFLAGS=''
YAJL_LIBS=''
ac_ct_AR='ar'
ac_ct_CC='gcc'
ac_ct_DUMPBIN=''
am__EXEEXT_FALSE=''
am__EXEEXT_TRUE='#'
am__fastdepCC_FALSE='#'
am__fastdepCC_TRUE=''
am__include='include'
am__isrc=''
am__leading_dot='.'
am__nodep='_no'
am__quote=''
am__tar='$${TAR-tar} chof - "$$tardir"'
am__untar='$${TAR-tar} xf -'
bindir='${exec_prefix}/bin'
build='x86_64-pc-linux-gnu'
build_alias=''
build_cpu='x86_64'
build_os='linux-gnu'
build_vendor='pc'
datadir='${datarootdir}'
datarootdir='${prefix}/share'
docdir='${datarootdir}/doc/${PACKAGE_TARNAME}'
dvidir='${docdir}'
exec_prefix='${prefix}'
host='x86_64-pc-linux-gnu'
host_alias=''
host_cpu='x86_64'
host_os='linux-gnu'
host_vendor='pc'
htmldir='${docdir}'
includedir='${prefix}/include'
infodir='${datarootdir}/info'
install_sh='${SHELL} /mnt/e/modsec/ModSec-DAN-deployment/ModSecurity/build/install-sh'
libdir='${exec_prefix}/lib'
libexecdir='${exec_prefix}/libexec'
localedir='${datarootdir}/locale'
localstatedir='${prefix}/var'
mandir='${datarootdir}/man'
mkdir_p='$(MKDIR_P)'
oldincludedir='/usr/include'
pdfdir='${docdir}'
prefix='/usr/local/modsecurity'
program_transform_name='s,x,x,'
psdir='${docdir}'
runstatedir='${localstatedir}/run'
sbindir='${exec_prefix}/sbin'
sharedstatedir='${prefix}/com'
sysconfdir='${prefix}/etc'
target_alias=''

## ----------- ##
## confdefs.h. ##
## ----------- ##

/* confdefs.h */
#define PACKAGE_NAME "modsecurity"
#define PACKAGE_TARNAME "modsecurity"
#define PACKAGE_VERSION "2.9"
#define PACKAGE_STRING "modsecurity 2.9"
#define PACKAGE_BUGREPORT "support@modsecurity.org"
#define PACKAGE_URL ""
#define PACKAGE "modsecurity"
#define VERSION "2.9"
#define STDC_HEADERS 1
#define HAVE_SYS_TYPES_H 1
#define HAVE_SYS_STAT_H 1
#define HAVE_STDLIB_H 1
#define HAVE_STRING_H 1
#define HAVE_MEMORY_H 1
#define HAVE_STRINGS_H 1
#define HAVE_INTTYPES_H 1
#define HAVE_STDINT_H 1
#define HAVE_UNISTD_H 1
#define HAVE_DLFCN_H 1
#define LT_OBJDIR ".libs/"
#define STDC_HEADERS 1
#define HAVE_FCNTL_H 1
#define HAVE_LIMITS_H 1
#define HAVE_STDLIB_H 1
#define HAVE_STRING_H 1
#define HAVE_UNISTD_H 1
#define HAVE_SYS_TYPES_H 1
#define HAVE_SYS_STAT_H 1
#define HAVE_SYS_UTSNAME_H 1
#define restrict __restrict
#define HAVE_STDLIB_H 1
#define HAVE_MALLOC 1
#define HAVE_ATEXIT 1
#define HAVE_GETCWD 1
#define HAVE_MEMMOVE 1
#define HAVE_MEMSET 1
#define HAVE_STRCASECMP 1
#define HAVE_STRCHR 1
#define HAVE_STRDUP 1
#define HAVE_STRERROR 1
#define HAVE_STRNCASECMP 1
#define HAVE_STRRCHR 1
#define HAVE_STRSTR 1
#define HAVE_STRTOL 1
#define HAVE_FCHMOD 1
#define HAVE_STRCASESTR 1
#define WITH_APU_CRYPTO 1
#define WITH_REMOTE_RULES 1

configure: exit 0

## ---------------------- ##
## Running config.status. ##
## ---------------------- ##

This file was extended by modsecurity config.status 2.9, which was
generated by GNU Autoconf 2.69.  Invocation command line was

  CONFIG_FILES    = 
  CONFIG_HEADERS  = 
  CONFIG_LINKS    = 
  CONFIG_COMMANDS = 
  $ ./config.status apache2/modsecurity_config_auto.h

on DESKTOP-KM5BUDM

config.status:1243: creating apache2/modsecurity_config_auto.h
config.status:1424: apache2/modsecurity_config_auto.h is unchanged
